d:\code\lbengine\lbengine\x64\debug\lbengined.pch
d:\code\lbengine\lbengine\x64\debug\lbengine.pdb
d:\code\lbengine\lbengine\x64\debug\lbengine.idb
d:\code\lbengine\lbengine\x64\debug\pch.obj
d:\code\lbengine\lbengine\x64\debug\textdrawer.obj
d:\code\lbengine\lbengine\x64\debug\sphericalsphere.obj
d:\code\lbengine\lbengine\x64\debug\sphericalmeshloader.obj
d:\code\lbengine\lbengine\x64\debug\sphericalcamera.obj
d:\code\lbengine\lbengine\x64\debug\simpleinputhandler.obj
d:\code\lbengine\lbengine\x64\debug\sphericalmesh.obj
d:\code\lbengine\lbengine\x64\debug\sphericaloctahedron.obj
d:\code\lbengine\lbengine\x64\debug\sphericalmath.obj
d:\code\lbengine\lbengine\x64\debug\sphericalellipsoid.obj
d:\code\lbengine\lbengine\x64\debug\sphericalcube.obj
d:\code\lbengine\lbengine\x64\debug\sphericalasteroid.obj
d:\code\lbengine\lbengine\x64\debug\mesh.obj
d:\code\lbengine\lbengine\x64\debug\hyperbolicmath.obj
d:\code\lbengine\lbengine\x64\debug\game.obj
d:\code\lbengine\lbengine\x64\debug\fpscounter.obj
d:\code\lbengine\lbengine\x64\debug\drawer2d.obj
d:\code\lbengine\lbengine\x64\debug\camera.obj
d:\code\lbengine\lbengine\x64\debug\gamewindows.obj
d:\code\lbengine\lbengine\x64\debug\texture.obj
d:\code\lbengine\lbengine\x64\debug\entity.obj
d:\code\lbengine\lbengine\x64\debug\effect.obj
d:\code\lbengine\lbengine\x64\debug\component.obj
d:\code\lbengine\lbengine\x64\debug\world.obj
d:\code\lbengine\lbengine\x64\debug\scene.obj
d:\code\lbengine\lbengine\x64\debug\transformcomponent.obj
d:\code\lbengine\lbengine\x64\debug\system.obj
d:\code\lbengine\lbengine\x64\debug\transformupdatesystem.obj
d:\code\lbengine\lbengine\x64\debug\playercomponent.obj
d:\code\lbengine\lbengine\inc\pixelshader.h
d:\code\lbengine\lbengine\bin64\basicpixelshader_d.cso
d:\code\lbengine\lbengine\inc\vertexshader.h
d:\code\lbengine\lbengine\bin64\basicvertexshader.cso
d:\code\lbengine\lbengine\bin64\morphingvertexshader.cso
d:\code\lbengine\lbengine\inc\geometryshader.h
d:\code\lbengine\lbengine\bin64\geometryshader.cso
d:\code\lbengine\lbengine\inc\ellexpvertexshader.h
d:\code\lbengine\lbengine\bin64\vertexellipticalexpfogshader_d.cso
d:\code\lbengine\lbengine\inc\ellexp2vertexshader.h
d:\code\lbengine\lbengine\bin64\vertexellipticalexpsqfogshader_d.cso
d:\code\lbengine\lbengine\inc\sphexpvertexshader.h
d:\code\lbengine\lbengine\bin64\vertexsphericalexpfogshader_d.cso
d:\code\lbengine\lbengine\inc\sphexp2vertexshader.h
d:\code\lbengine\lbengine\bin64\vertexsphericalexpsqfogshader_d.cso
d:\code\lbengine\lbengine\bin64\lbengined.lib
d:\code\lbengine\lbengine\x64\debug\positioncomponent.obj
d:\code\lbengine\lbengine\x64\debug\lbengine.tlog\cl.command.1.tlog
d:\code\lbengine\lbengine\x64\debug\lbengine.tlog\cl.read.1.tlog
d:\code\lbengine\lbengine\x64\debug\lbengine.tlog\cl.write.1.tlog
d:\code\lbengine\lbengine\x64\debug\lbengine.tlog\fxc.command.1.tlog
d:\code\lbengine\lbengine\x64\debug\lbengine.tlog\fxc.read.1.tlog
d:\code\lbengine\lbengine\x64\debug\lbengine.tlog\fxc.write.1.tlog
d:\code\lbengine\lbengine\x64\debug\lbengine.tlog\lib-link.read.1.tlog
d:\code\lbengine\lbengine\x64\debug\lbengine.tlog\lib-link.write.1.tlog
d:\code\lbengine\lbengine\x64\debug\lbengine.tlog\lib.command.1.tlog
